# JRE version: OpenJDK Runtime Environment (17.0.6) (build 17.0.6+0-b2043.56-10027231)
# Java VM: OpenJDK 64-Bit Server VM (17.0.6+0-b2043.56-10027231, mixed mode, tiered, compressed oops, compressed class ptrs, g1 gc, windows-amd64)
GC Precious Log:
 CPUs: 16 total, 16 available
 Memory: 15587M
 Large Page Support: Disabled
 NUMA Support: Disabled
 Compressed Oops: Enabled (Zero based)
 Heap Region Size: 2M
 Heap Min Capacity: 8M
 Heap Initial Capacity: 244M
 Heap Max Capacity: 3898M
 Pre-touch: Disabled
 Parallel Workers: 13
 Concurrent Workers: 3
 Concurrent Refinement Workers: 13
 Periodic GC: Disabled
Heap:
 garbage-first heap   total 161792K, used 85856K [0x000000070c600000, 0x0000000800000000)
  region size 2048K, 19 young (38912K), 4 survivors (8192K)
 Metaspace       used 61648K, committed 61952K, reserved 1105920K
  class space    used 6915K, committed 7040K, reserved 1048576K
GC Heap History (20 events):
Event: 0.637 GC heap before
{Heap before GC invocations=2 (full 0):
 garbage-first heap   total 249856K, used 10308K [0x000000070c600000, 0x0000000800000000)
  region size 2048K, 4 young (8192K), 3 survivors (6144K)
 Metaspace       used 21287K, committed 21504K, reserved 1073152K
  class space    used 2290K, committed 2368K, reserved 1048576K
}
Event: 0.639 GC heap after
{Heap after GC invocations=3 (full 0):
 garbage-first heap   total 249856K, used 10820K [0x000000070c600000, 0x0000000800000000)
  region size 2048K, 4 young (8192K), 4 survivors (8192K)
 Metaspace       used 21287K, committed 21504K, reserved 1073152K
  class space    used 2290K, committed 2368K, reserved 1048576K
}
Event: 0.860 GC heap before
{Heap before GC invocations=4 (full 0):
 garbage-first heap   total 55296K, used 39492K [0x000000070c600000, 0x0000000800000000)
  region size 2048K, 17 young (34816K), 4 survivors (8192K)
 Metaspace       used 28570K, committed 28800K, reserved 1081344K
  class space    used 3118K, committed 3200K, reserved 1048576K
}
Event: 0.864 GC heap after
{Heap after GC invocations=5 (full 0):
 garbage-first heap   total 55296K, used 16804K [0x000000070c600000, 0x0000000800000000)
  region size 2048K, 5 young (10240K), 5 survivors (10240K)
 Metaspace       used 28570K, committed 28800K, reserved 1081344K
  class space    used 3118K, committed 3200K, reserved 1048576K
}
Event: 0.881 GC heap before
{Heap before GC invocations=5 (full 0):
 garbage-first heap   total 55296K, used 18852K [0x000000070c600000, 0x0000000800000000)
  region size 2048K, 6 young (12288K), 5 survivors (10240K)
 Metaspace       used 29063K, committed 29312K, reserved 1081344K
  class space    used 3196K, committed 3328K, reserved 1048576K
}
Event: 0.887 GC heap after
{Heap after GC invocations=6 (full 0):
 garbage-first heap   total 55296K, used 17837K [0x000000070c600000, 0x0000000800000000)
  region size 2048K, 1 young (2048K), 1 survivors (2048K)
 Metaspace       used 29063K, committed 29312K, reserved 1081344K
  class space    used 3196K, committed 3328K, reserved 1048576K
}
Event: 1.053 GC heap before
{Heap before GC invocations=6 (full 0):
 garbage-first heap   total 55296K, used 38317K [0x000000070c600000, 0x0000000800000000)
  region size 2048K, 11 young (22528K), 1 survivors (2048K)
 Metaspace       used 32082K, committed 32320K, reserved 1081344K
  class space    used 3840K, committed 3904K, reserved 1048576K
}
Event: 1.057 GC heap after
{Heap after GC invocations=7 (full 0):
 garbage-first heap   total 153600K, used 20998K [0x000000070c600000, 0x0000000800000000)
  region size 2048K, 2 young (4096K), 2 survivors (4096K)
 Metaspace       used 32082K, committed 32320K, reserved 1081344K
  class space    used 3840K, committed 3904K, reserved 1048576K
}
Event: 1.217 GC heap before
{Heap before GC invocations=7 (full 0):
 garbage-first heap   total 153600K, used 45574K [0x000000070c600000, 0x0000000800000000)
  region size 2048K, 14 young (28672K), 2 survivors (4096K)
 Metaspace       used 35738K, committed 35968K, reserved 1081344K
  class space    used 4444K, committed 4544K, reserved 1048576K
}
Event: 1.222 GC heap after
{Heap after GC invocations=8 (full 0):
 garbage-first heap   total 153600K, used 27370K [0x000000070c600000, 0x0000000800000000)
  region size 2048K, 5 young (10240K), 5 survivors (10240K)
 Metaspace       used 35738K, committed 35968K, reserved 1081344K
  class space    used 4444K, committed 4544K, reserved 1048576K
}
Event: 1.637 GC heap before
{Heap before GC invocations=9 (full 0):
 garbage-first heap   total 110592K, used 82666K [0x000000070c600000, 0x0000000800000000)
  region size 2048K, 32 young (65536K), 5 survivors (10240K)
 Metaspace       used 46396K, committed 46720K, reserved 1097728K
  class space    used 5488K, committed 5632K, reserved 1048576K
}
Event: 1.645 GC heap after
{Heap after GC invocations=10 (full 0):
 garbage-first heap   total 110592K, used 31349K [0x000000070c600000, 0x0000000800000000)
  region size 2048K, 4 young (8192K), 4 survivors (8192K)
 Metaspace       used 46396K, committed 46720K, reserved 1097728K
  class space    used 5488K, committed 5632K, reserved 1048576K
}
Event: 1.672 GC heap before
{Heap before GC invocations=10 (full 0):
 garbage-first heap   total 110592K, used 33397K [0x000000070c600000, 0x0000000800000000)
  region size 2048K, 5 young (10240K), 4 survivors (8192K)
 Metaspace       used 46659K, committed 46912K, reserved 1097728K
  class space    used 5516K, committed 5632K, reserved 1048576K
}
Event: 1.676 GC heap after
{Heap after GC invocations=11 (full 0):
 garbage-first heap   total 110592K, used 32599K [0x000000070c600000, 0x0000000800000000)
  region size 2048K, 1 young (2048K), 1 survivors (2048K)
 Metaspace       used 46659K, committed 46912K, reserved 1097728K
  class space    used 5516K, committed 5632K, reserved 1048576K
}
Event: 1.977 GC heap before
{Heap before GC invocations=11 (full 0):
 garbage-first heap   total 110592K, used 75607K [0x000000070c600000, 0x0000000800000000)
  region size 2048K, 22 young (45056K), 1 survivors (2048K)
 Metaspace       used 51006K, committed 51264K, reserved 1097728K
  class space    used 6039K, committed 6144K, reserved 1048576K
}
Event: 1.981 GC heap after
{Heap after GC invocations=12 (full 0):
 garbage-first heap   total 161792K, used 34946K [0x000000070c600000, 0x0000000800000000)
  region size 2048K, 2 young (4096K), 2 survivors (4096K)
 Metaspace       used 51006K, committed 51264K, reserved 1097728K
  class space    used 6039K, committed 6144K, reserved 1048576K
}
Event: 2.596 GC heap before
{Heap before GC invocations=12 (full 0):
 garbage-first heap   total 161792K, used 108674K [0x000000070c600000, 0x0000000800000000)
  region size 2048K, 37 young (75776K), 2 survivors (4096K)
 Metaspace       used 57049K, committed 57344K, reserved 1105920K
  class space    used 6587K, committed 6720K, reserved 1048576K
}
Event: 2.605 GC heap after
{Heap after GC invocations=13 (full 0):
 garbage-first heap   total 161792K, used 48808K [0x000000070c600000, 0x0000000800000000)
  region size 2048K, 5 young (10240K), 5 survivors (10240K)
 Metaspace       used 57049K, committed 57344K, reserved 1105920K
  class space    used 6587K, committed 6720K, reserved 1048576K
}
Event: 3.109 GC heap before
{Heap before GC invocations=13 (full 0):
 garbage-first heap   total 161792K, used 97960K [0x000000070c600000, 0x0000000800000000)
  region size 2048K, 30 young (61440K), 5 survivors (10240K)
 Metaspace       used 59897K, committed 60160K, reserved 1105920K
  class space    used 6838K, committed 6976K, reserved 1048576K
}
Event: 3.119 GC heap after
{Heap after GC invocations=14 (full 0):
 garbage-first heap   total 161792K, used 57184K [0x000000070c600000, 0x0000000800000000)
  region size 2048K, 4 young (8192K), 4 survivors (8192K)
 Metaspace       used 59897K, committed 60160K, reserved 1105920K
  class space    used 6838K, committed 6976K, reserved 1048576K
}

