# JRE version: OpenJDK Runtime Environment (17.0.6) (build 17.0.6+0-b2043.56-10027231)
# Java VM: OpenJDK 64-Bit Server VM (17.0.6+0-b2043.56-10027231, mixed mode, tiered, compressed oops, compressed class ptrs, g1 gc, windows-amd64)
GC Precious Log:
 CPUs: 16 total, 16 available
 Memory: 15587M
 Large Page Support: Disabled
 NUMA Support: Disabled
 Compressed Oops: Enabled (Zero based)
 Heap Region Size: 2M
 Heap Min Capacity: 8M
 Heap Initial Capacity: 244M
 Heap Max Capacity: 3898M
 Pre-touch: Disabled
 Parallel Workers: 13
 Concurrent Workers: 3
 Concurrent Refinement Workers: 13
 Periodic GC: Disabled
Heap:
 garbage-first heap   total 249856K, used 132386K [0x000000070c600000, 0x0000000800000000)
  region size 2048K, 2 young (4096K), 2 survivors (4096K)
 Metaspace       used 98122K, committed 98496K, reserved 1138688K
  class space    used 10384K, committed 10560K, reserved 1048576K
GC Heap History (20 events):
Event: 3.596 GC heap after
{Heap after GC invocations=18 (full 0):
 garbage-first heap   total 122880K, used 61791K [0x000000070c600000, 0x0000000800000000)
  region size 2048K, 1 young (2048K), 1 survivors (2048K)
 Metaspace       used 62019K, committed 62336K, reserved 1105920K
  class space    used 6939K, committed 7104K, reserved 1048576K
}
Event: 3.913 GC heap before
{Heap before GC invocations=18 (full 0):
 garbage-first heap   total 122880K, used 94559K [0x000000070c600000, 0x0000000800000000)
  region size 2048K, 17 young (34816K), 1 survivors (2048K)
 Metaspace       used 63335K, committed 63680K, reserved 1105920K
  class space    used 7077K, committed 7232K, reserved 1048576K
}
Event: 3.919 GC heap after
{Heap after GC invocations=19 (full 0):
 garbage-first heap   total 221184K, used 65072K [0x000000070c600000, 0x0000000800000000)
  region size 2048K, 2 young (4096K), 2 survivors (4096K)
 Metaspace       used 63335K, committed 63680K, reserved 1105920K
  class space    used 7077K, committed 7232K, reserved 1048576K
}
Event: 5.036 GC heap before
{Heap before GC invocations=20 (full 0):
 garbage-first heap   total 221184K, used 163376K [0x000000070c600000, 0x0000000800000000)
  region size 2048K, 49 young (100352K), 2 survivors (4096K)
 Metaspace       used 70307K, committed 70592K, reserved 1114112K
  class space    used 7949K, committed 8064K, reserved 1048576K
}
Event: 5.045 GC heap after
{Heap after GC invocations=21 (full 0):
 garbage-first heap   total 221184K, used 78634K [0x000000070c600000, 0x0000000800000000)
  region size 2048K, 7 young (14336K), 7 survivors (14336K)
 Metaspace       used 70307K, committed 70592K, reserved 1114112K
  class space    used 7949K, committed 8064K, reserved 1048576K
}
Event: 5.974 GC heap before
{Heap before GC invocations=21 (full 0):
 garbage-first heap   total 221184K, used 160554K [0x000000070c600000, 0x0000000800000000)
  region size 2048K, 47 young (96256K), 7 survivors (14336K)
 Metaspace       used 71199K, committed 71488K, reserved 1114112K
  class space    used 8015K, committed 8128K, reserved 1048576K
}
Event: 5.983 GC heap after
{Heap after GC invocations=22 (full 0):
 garbage-first heap   total 221184K, used 88963K [0x000000070c600000, 0x0000000800000000)
  region size 2048K, 6 young (12288K), 6 survivors (12288K)
 Metaspace       used 71199K, committed 71488K, reserved 1114112K
  class space    used 8015K, committed 8128K, reserved 1048576K
}
Event: 6.677 GC heap before
{Heap before GC invocations=22 (full 0):
 garbage-first heap   total 221184K, used 164739K [0x000000070c600000, 0x0000000800000000)
  region size 2048K, 43 young (88064K), 6 survivors (12288K)
 Metaspace       used 76537K, committed 76864K, reserved 1122304K
  class space    used 8511K, committed 8640K, reserved 1048576K
}
Event: 6.683 GC heap after
{Heap after GC invocations=23 (full 0):
 garbage-first heap   total 221184K, used 94515K [0x000000070c600000, 0x0000000800000000)
  region size 2048K, 3 young (6144K), 3 survivors (6144K)
 Metaspace       used 76537K, committed 76864K, reserved 1122304K
  class space    used 8511K, committed 8640K, reserved 1048576K
}
Event: 7.401 GC heap before
{Heap before GC invocations=23 (full 0):
 garbage-first heap   total 221184K, used 170291K [0x000000070c600000, 0x0000000800000000)
  region size 2048K, 40 young (81920K), 3 survivors (6144K)
 Metaspace       used 80961K, committed 81344K, reserved 1122304K
  class space    used 8924K, committed 9088K, reserved 1048576K
}
Event: 7.410 GC heap after
{Heap after GC invocations=24 (full 0):
 garbage-first heap   total 221184K, used 107956K [0x000000070c600000, 0x0000000800000000)
  region size 2048K, 5 young (10240K), 5 survivors (10240K)
 Metaspace       used 80961K, committed 81344K, reserved 1122304K
  class space    used 8924K, committed 9088K, reserved 1048576K
}
Event: 7.851 GC heap before
{Heap before GC invocations=24 (full 0):
 garbage-first heap   total 221184K, used 171444K [0x000000070c600000, 0x0000000800000000)
  region size 2048K, 36 young (73728K), 5 survivors (10240K)
 Metaspace       used 83203K, committed 83520K, reserved 1130496K
  class space    used 9157K, committed 9280K, reserved 1048576K
}
Event: 7.861 GC heap after
{Heap after GC invocations=25 (full 0):
 garbage-first heap   total 221184K, used 123117K [0x000000070c600000, 0x0000000800000000)
  region size 2048K, 5 young (10240K), 5 survivors (10240K)
 Metaspace       used 83203K, committed 83520K, reserved 1130496K
  class space    used 9157K, committed 9280K, reserved 1048576K
}
Event: 8.345 GC heap before
{Heap before GC invocations=25 (full 0):
 garbage-first heap   total 221184K, used 170221K [0x000000070c600000, 0x0000000800000000)
  region size 2048K, 29 young (59392K), 5 survivors (10240K)
 Metaspace       used 90251K, committed 90624K, reserved 1130496K
  class space    used 9840K, committed 9984K, reserved 1048576K
}
Event: 8.351 GC heap after
{Heap after GC invocations=26 (full 0):
 garbage-first heap   total 221184K, used 130425K [0x000000070c600000, 0x0000000800000000)
  region size 2048K, 3 young (6144K), 3 survivors (6144K)
 Metaspace       used 90251K, committed 90624K, reserved 1130496K
  class space    used 9840K, committed 9984K, reserved 1048576K
}
Event: 8.808 GC heap before
{Heap before GC invocations=27 (full 0):
 garbage-first heap   total 223232K, used 173433K [0x000000070c600000, 0x0000000800000000)
  region size 2048K, 25 young (51200K), 3 survivors (6144K)
 Metaspace       used 93126K, committed 93504K, reserved 1138688K
  class space    used 10023K, committed 10176K, reserved 1048576K
}
Event: 8.813 GC heap after
{Heap after GC invocations=28 (full 0):
 garbage-first heap   total 223232K, used 130715K [0x000000070c600000, 0x0000000800000000)
  region size 2048K, 2 young (4096K), 2 survivors (4096K)
 Metaspace       used 93126K, committed 93504K, reserved 1138688K
  class space    used 10023K, committed 10176K, reserved 1048576K
}
Event: 8.854 GC heap before
{Heap before GC invocations=28 (full 0):
 garbage-first heap   total 223232K, used 136859K [0x000000070c600000, 0x0000000800000000)
  region size 2048K, 5 young (10240K), 2 survivors (4096K)
 Metaspace       used 93249K, committed 93568K, reserved 1138688K
  class space    used 10024K, committed 10176K, reserved 1048576K
}
Event: 8.856 GC heap after
{Heap after GC invocations=29 (full 0):
 garbage-first heap   total 223232K, used 129630K [0x000000070c600000, 0x0000000800000000)
  region size 2048K, 1 young (2048K), 1 survivors (2048K)
 Metaspace       used 93249K, committed 93568K, reserved 1138688K
  class space    used 10024K, committed 10176K, reserved 1048576K
}
Event: 9.342 GC heap before
{Heap before GC invocations=29 (full 0):
 garbage-first heap   total 223232K, used 176734K [0x000000070c600000, 0x0000000800000000)
  region size 2048K, 25 young (51200K), 1 survivors (2048K)
 Metaspace       used 98122K, committed 98496K, reserved 1138688K
  class space    used 10384K, committed 10560K, reserved 1048576K
}

