# JRE version: OpenJDK Runtime Environment (17.0.6) (build 17.0.6+0-b2043.56-10027231)
# Java VM: OpenJDK 64-Bit Server VM (17.0.6+0-b2043.56-10027231, mixed mode, tiered, compressed oops, compressed class ptrs, g1 gc, windows-amd64)
GC Precious Log:
 CPUs: 16 total, 16 available
 Memory: 15587M
 Large Page Support: Disabled
 NUMA Support: Disabled
 Compressed Oops: Enabled (32-bit)
 Heap Region Size: 1M
 Heap Min Capacity: 8M
 Heap Initial Capacity: 244M
 Heap Max Capacity: 2G
 Pre-touch: Disabled
 Parallel Workers: 13
 Concurrent Workers: 3
 Concurrent Refinement Workers: 13
 Periodic GC: Disabled
Heap:
 garbage-first heap   total 342016K, used 196417K [0x0000000080000000, 0x0000000100000000)
  region size 1024K, 9 young (9216K), 7 survivors (7168K)
 Metaspace       used 113487K, committed 114496K, reserved 1155072K
  class space    used 15388K, committed 15872K, reserved 1048576K
GC Heap History (20 events):
Event: 7.422 GC heap before
{Heap before GC invocations=39 (full 0):
 garbage-first heap   total 232448K, used 154245K [0x0000000080000000, 0x0000000100000000)
  region size 1024K, 33 young (33792K), 9 survivors (9216K)
 Metaspace       used 95554K, committed 96384K, reserved 1138688K
  class space    used 13268K, committed 13632K, reserved 1048576K
}
Event: 7.425 GC heap after
{Heap after GC invocations=40 (full 0):
 garbage-first heap   total 232448K, used 133796K [0x0000000080000000, 0x0000000100000000)
  region size 1024K, 4 young (4096K), 4 survivors (4096K)
 Metaspace       used 95554K, committed 96384K, reserved 1138688K
  class space    used 13268K, committed 13632K, reserved 1048576K
}
Event: 7.714 GC heap before
{Heap before GC invocations=41 (full 0):
 garbage-first heap   total 271360K, used 214692K [0x0000000080000000, 0x0000000100000000)
  region size 1024K, 62 young (63488K), 4 survivors (4096K)
 Metaspace       used 98492K, committed 99392K, reserved 1138688K
  class space    used 13641K, committed 14080K, reserved 1048576K
}
Event: 7.716 GC heap after
{Heap after GC invocations=42 (full 0):
 garbage-first heap   total 271360K, used 163937K [0x0000000080000000, 0x0000000100000000)
  region size 1024K, 8 young (8192K), 8 survivors (8192K)
 Metaspace       used 98492K, committed 99392K, reserved 1138688K
  class space    used 13641K, committed 14080K, reserved 1048576K
}
Event: 7.734 GC heap before
{Heap before GC invocations=42 (full 0):
 garbage-first heap   total 271360K, used 168033K [0x0000000080000000, 0x0000000100000000)
  region size 1024K, 13 young (13312K), 8 survivors (8192K)
 Metaspace       used 98567K, committed 99456K, reserved 1138688K
  class space    used 13648K, committed 14080K, reserved 1048576K
}
Event: 7.737 GC heap after
{Heap after GC invocations=43 (full 0):
 garbage-first heap   total 271360K, used 163572K [0x0000000080000000, 0x0000000100000000)
  region size 1024K, 1 young (1024K), 1 survivors (1024K)
 Metaspace       used 98567K, committed 99456K, reserved 1138688K
  class space    used 13648K, committed 14080K, reserved 1048576K
}
Event: 8.231 GC heap before
{Heap before GC invocations=43 (full 0):
 garbage-first heap   total 271360K, used 223988K [0x0000000080000000, 0x0000000100000000)
  region size 1024K, 60 young (61440K), 1 survivors (1024K)
 Metaspace       used 106931K, committed 107840K, reserved 1146880K
  class space    used 14729K, committed 15104K, reserved 1048576K
}
Event: 8.233 GC heap after
{Heap after GC invocations=44 (full 0):
 garbage-first heap   total 271360K, used 166232K [0x0000000080000000, 0x0000000100000000)
  region size 1024K, 4 young (4096K), 4 survivors (4096K)
 Metaspace       used 106931K, committed 107840K, reserved 1146880K
  class space    used 14729K, committed 15104K, reserved 1048576K
}
Event: 8.352 GC heap before
{Heap before GC invocations=44 (full 0):
 garbage-first heap   total 271360K, used 181592K [0x0000000080000000, 0x0000000100000000)
  region size 1024K, 21 young (21504K), 4 survivors (4096K)
 Metaspace       used 109248K, committed 110272K, reserved 1146880K
  class space    used 14984K, committed 15488K, reserved 1048576K
}
Event: 8.354 GC heap after
{Heap after GC invocations=45 (full 0):
 garbage-first heap   total 271360K, used 168374K [0x0000000080000000, 0x0000000100000000)
  region size 1024K, 6 young (6144K), 6 survivors (6144K)
 Metaspace       used 109248K, committed 110272K, reserved 1146880K
  class space    used 14984K, committed 15488K, reserved 1048576K
}
Event: 8.632 GC heap before
{Heap before GC invocations=46 (full 0):
 garbage-first heap   total 288768K, used 219574K [0x0000000080000000, 0x0000000100000000)
  region size 1024K, 55 young (56320K), 6 survivors (6144K)
 Metaspace       used 111237K, committed 112192K, reserved 1146880K
  class space    used 15166K, committed 15616K, reserved 1048576K
}
Event: 8.636 GC heap after
{Heap after GC invocations=47 (full 0):
 garbage-first heap   total 288768K, used 175253K [0x0000000080000000, 0x0000000100000000)
  region size 1024K, 7 young (7168K), 7 survivors (7168K)
 Metaspace       used 111237K, committed 112192K, reserved 1146880K
  class space    used 15166K, committed 15616K, reserved 1048576K
}
Event: 8.679 GC heap before
{Heap before GC invocations=47 (full 0):
 garbage-first heap   total 288768K, used 181397K [0x0000000080000000, 0x0000000100000000)
  region size 1024K, 14 young (14336K), 7 survivors (7168K)
 Metaspace       used 111717K, committed 112704K, reserved 1146880K
  class space    used 15214K, committed 15680K, reserved 1048576K
}
Event: 8.682 GC heap after
{Heap after GC invocations=48 (full 0):
 garbage-first heap   total 288768K, used 176053K [0x0000000080000000, 0x0000000100000000)
  region size 1024K, 2 young (2048K), 2 survivors (2048K)
 Metaspace       used 111717K, committed 112704K, reserved 1146880K
  class space    used 15214K, committed 15680K, reserved 1048576K
}
Event: 8.829 GC heap before
{Heap before GC invocations=48 (full 0):
 garbage-first heap   total 288768K, used 230325K [0x0000000080000000, 0x0000000100000000)
  region size 1024K, 56 young (57344K), 2 survivors (2048K)
 Metaspace       used 112492K, committed 113536K, reserved 1155072K
  class space    used 15306K, committed 15744K, reserved 1048576K
}
Event: 8.832 GC heap after
{Heap after GC invocations=49 (full 0):
 garbage-first heap   total 288768K, used 183230K [0x0000000080000000, 0x0000000100000000)
  region size 1024K, 7 young (7168K), 7 survivors (7168K)
 Metaspace       used 112492K, committed 113536K, reserved 1155072K
  class space    used 15306K, committed 15744K, reserved 1048576K
}
Event: 8.882 GC heap before
{Heap before GC invocations=49 (full 0):
 garbage-first heap   total 288768K, used 233406K [0x0000000080000000, 0x0000000100000000)
  region size 1024K, 57 young (58368K), 7 survivors (7168K)
 Metaspace       used 112586K, committed 113600K, reserved 1155072K
  class space    used 15306K, committed 15744K, reserved 1048576K
}
Event: 8.884 GC heap after
{Heap after GC invocations=50 (full 0):
 garbage-first heap   total 288768K, used 186163K [0x0000000080000000, 0x0000000100000000)
  region size 1024K, 5 young (5120K), 5 survivors (5120K)
 Metaspace       used 112586K, committed 113600K, reserved 1155072K
  class space    used 15306K, committed 15744K, reserved 1048576K
}
Event: 8.984 GC heap before
{Heap before GC invocations=50 (full 0):
 garbage-first heap   total 288768K, used 235315K [0x0000000080000000, 0x0000000100000000)
  region size 1024K, 54 young (55296K), 5 survivors (5120K)
 Metaspace       used 113083K, committed 114048K, reserved 1155072K
  class space    used 15346K, committed 15808K, reserved 1048576K
}
Event: 8.986 GC heap after
{Heap after GC invocations=51 (full 0):
 garbage-first heap   total 288768K, used 189351K [0x0000000080000000, 0x0000000100000000)
  region size 1024K, 6 young (6144K), 6 survivors (6144K)
 Metaspace       used 113083K, committed 114048K, reserved 1155072K
  class space    used 15346K, committed 15808K, reserved 1048576K
}

