# JRE version: OpenJDK Runtime Environment (17.0.6) (build 17.0.6+0-b2043.56-10027231)
# Java VM: OpenJDK 64-Bit Server VM (17.0.6+0-b2043.56-10027231, mixed mode, tiered, compressed oops, compressed class ptrs, g1 gc, windows-amd64)
GC Precious Log:
 CPUs: 16 total, 16 available
 Memory: 15587M
 Large Page Support: Disabled
 NUMA Support: Disabled
 Compressed Oops: Enabled (Zero based)
 Heap Region Size: 2M
 Heap Min Capacity: 8M
 Heap Initial Capacity: 244M
 Heap Max Capacity: 3898M
 Pre-touch: Disabled
 Parallel Workers: 13
 Concurrent Workers: 3
 Concurrent Refinement Workers: 13
 Periodic GC: Disabled
Heap:
 garbage-first heap   total 475136K, used 205975K [0x000000070c600000, 0x0000000800000000)
  region size 2048K, 39 young (79872K), 3 survivors (6144K)
 Metaspace       used 99517K, committed 99904K, reserved 1138688K
  class space    used 10428K, committed 10624K, reserved 1048576K
GC Heap History (20 events):
Event: 7.594 GC heap before
{Heap before GC invocations=30 (full 0):
 garbage-first heap   total 172032K, used 137930K [0x000000070c600000, 0x0000000800000000)
  region size 2048K, 24 young (49152K), 3 survivors (6144K)
 Metaspace       used 79818K, committed 80192K, reserved 1122304K
  class space    used 8837K, committed 8960K, reserved 1048576K
}
Event: 7.600 GC heap after
{Heap after GC invocations=31 (full 0):
 garbage-first heap   total 172032K, used 101651K [0x000000070c600000, 0x0000000800000000)
  region size 2048K, 3 young (6144K), 3 survivors (6144K)
 Metaspace       used 79818K, committed 80192K, reserved 1122304K
  class space    used 8837K, committed 8960K, reserved 1048576K
}
Event: 7.860 GC heap before
{Heap before GC invocations=32 (full 0):
 garbage-first heap   total 184320K, used 138515K [0x000000070c600000, 0x0000000800000000)
  region size 2048K, 21 young (43008K), 3 survivors (6144K)
 Metaspace       used 80837K, committed 81216K, reserved 1122304K
  class space    used 8922K, committed 9088K, reserved 1048576K
}
Event: 7.866 GC heap after
{Heap after GC invocations=33 (full 0):
 garbage-first heap   total 184320K, used 108529K [0x000000070c600000, 0x0000000800000000)
  region size 2048K, 3 young (6144K), 3 survivors (6144K)
 Metaspace       used 80837K, committed 81216K, reserved 1122304K
  class space    used 8922K, committed 9088K, reserved 1048576K
}
Event: 7.877 GC heap before
{Heap before GC invocations=33 (full 0):
 garbage-first heap   total 184320K, used 110577K [0x000000070c600000, 0x0000000800000000)
  region size 2048K, 4 young (8192K), 3 survivors (6144K)
 Metaspace       used 80840K, committed 81216K, reserved 1122304K
  class space    used 8922K, committed 9088K, reserved 1048576K
}
Event: 7.884 GC heap after
{Heap after GC invocations=34 (full 0):
 garbage-first heap   total 221184K, used 109714K [0x000000070c600000, 0x0000000800000000)
  region size 2048K, 1 young (2048K), 1 survivors (2048K)
 Metaspace       used 80840K, committed 81216K, reserved 1122304K
  class space    used 8922K, committed 9088K, reserved 1048576K
}
Event: 8.416 GC heap before
{Heap before GC invocations=34 (full 0):
 garbage-first heap   total 221184K, used 175250K [0x000000070c600000, 0x0000000800000000)
  region size 2048K, 33 young (67584K), 1 survivors (2048K)
 Metaspace       used 82943K, committed 83264K, reserved 1130496K
  class space    used 9141K, committed 9280K, reserved 1048576K
}
Event: 8.424 GC heap after
{Heap after GC invocations=35 (full 0):
 garbage-first heap   total 221184K, used 124785K [0x000000070c600000, 0x0000000800000000)
  region size 2048K, 5 young (10240K), 5 survivors (10240K)
 Metaspace       used 82943K, committed 83264K, reserved 1130496K
  class space    used 9141K, committed 9280K, reserved 1048576K
}
Event: 8.925 GC heap before
{Heap before GC invocations=36 (full 0):
 garbage-first heap   total 221184K, used 169841K [0x000000070c600000, 0x0000000800000000)
  region size 2048K, 29 young (59392K), 5 survivors (10240K)
 Metaspace       used 90075K, committed 90432K, reserved 1130496K
  class space    used 9832K, committed 9984K, reserved 1048576K
}
Event: 8.931 GC heap after
{Heap after GC invocations=37 (full 0):
 garbage-first heap   total 221184K, used 128748K [0x000000070c600000, 0x0000000800000000)
  region size 2048K, 3 young (6144K), 3 survivors (6144K)
 Metaspace       used 90075K, committed 90432K, reserved 1130496K
  class space    used 9832K, committed 9984K, reserved 1048576K
}
Event: 8.991 GC heap before
{Heap before GC invocations=37 (full 0):
 garbage-first heap   total 221184K, used 130796K [0x000000070c600000, 0x0000000800000000)
  region size 2048K, 5 young (10240K), 3 survivors (6144K)
 Metaspace       used 90908K, committed 91264K, reserved 1130496K
  class space    used 9900K, committed 10048K, reserved 1048576K
}
Event: 8.995 GC heap after
{Heap after GC invocations=38 (full 0):
 garbage-first heap   total 221184K, used 127494K [0x000000070c600000, 0x0000000800000000)
  region size 2048K, 1 young (2048K), 1 survivors (2048K)
 Metaspace       used 90908K, committed 91264K, reserved 1130496K
  class space    used 9900K, committed 10048K, reserved 1048576K
}
Event: 9.439 GC heap before
{Heap before GC invocations=38 (full 0):
 garbage-first heap   total 221184K, used 174598K [0x000000070c600000, 0x0000000800000000)
  region size 2048K, 24 young (49152K), 1 survivors (2048K)
 Metaspace       used 93247K, committed 93632K, reserved 1138688K
  class space    used 10023K, committed 10176K, reserved 1048576K
}
Event: 9.442 GC heap after
{Heap after GC invocations=39 (full 0):
 garbage-first heap   total 221184K, used 128813K [0x000000070c600000, 0x0000000800000000)
  region size 2048K, 2 young (4096K), 2 survivors (4096K)
 Metaspace       used 93247K, committed 93632K, reserved 1138688K
  class space    used 10023K, committed 10176K, reserved 1048576K
}
Event: 10.009 GC heap before
{Heap before GC invocations=40 (full 0):
 garbage-first heap   total 229376K, used 175917K [0x000000070c600000, 0x0000000800000000)
  region size 2048K, 26 young (53248K), 2 survivors (4096K)
 Metaspace       used 98069K, committed 98432K, reserved 1138688K
  class space    used 10382K, committed 10560K, reserved 1048576K
}
Event: 10.014 GC heap after
{Heap after GC invocations=41 (full 0):
 garbage-first heap   total 229376K, used 131869K [0x000000070c600000, 0x0000000800000000)
  region size 2048K, 3 young (6144K), 3 survivors (6144K)
 Metaspace       used 98069K, committed 98432K, reserved 1138688K
  class space    used 10382K, committed 10560K, reserved 1048576K
}
Event: 10.061 GC heap before
{Heap before GC invocations=41 (full 0):
 garbage-first heap   total 229376K, used 135965K [0x000000070c600000, 0x0000000800000000)
  region size 2048K, 5 young (10240K), 3 survivors (6144K)
 Metaspace       used 98191K, committed 98560K, reserved 1138688K
  class space    used 10383K, committed 10560K, reserved 1048576K
}
Event: 10.066 GC heap after
{Heap after GC invocations=42 (full 0):
 garbage-first heap   total 229376K, used 130538K [0x000000070c600000, 0x0000000800000000)
  region size 2048K, 1 young (2048K), 1 survivors (2048K)
 Metaspace       used 98191K, committed 98560K, reserved 1138688K
  class space    used 10383K, committed 10560K, reserved 1048576K
}
Event: 10.412 GC heap before
{Heap before GC invocations=42 (full 0):
 garbage-first heap   total 229376K, used 183786K [0x000000070c600000, 0x0000000800000000)
  region size 2048K, 27 young (55296K), 1 survivors (2048K)
 Metaspace       used 98975K, committed 99328K, reserved 1138688K
  class space    used 10403K, committed 10560K, reserved 1048576K
}
Event: 10.415 GC heap after
{Heap after GC invocations=43 (full 0):
 garbage-first heap   total 475136K, used 134295K [0x000000070c600000, 0x0000000800000000)
  region size 2048K, 3 young (6144K), 3 survivors (6144K)
 Metaspace       used 98975K, committed 99328K, reserved 1138688K
  class space    used 10403K, committed 10560K, reserved 1048576K
}

